<?xml version="1.0" encoding="UTF-8"?>
<!-- Generated by org.testng.reporters.JUnitReportReporter -->
<testsuite name="APITest.rest.getunassignedinterns" tests="1" time="3.919" ignored="0" failures="0" timestamp="05 Oct 2018 09:55:58 GMT" skipped="0" hostname="E216LTRV" errors="0">
  <testcase name="Getunassignedinterns" time="3.919" classname="APITest.rest.getunassignedinterns"/>
</testsuite> <!-- APITest.rest.getunassignedinterns -->
