<?xml version="1.0" encoding="UTF-8"?>
<!-- Generated by org.testng.reporters.JUnitReportReporter -->
<testsuite name="APITest.rest.checkstatuscode" tests="1" time="3.785" ignored="0" failures="0" timestamp="05 Oct 2018 09:55:58 GMT" skipped="0" hostname="E216LTRV" errors="0">
  <testcase name="Getstatuscode" time="3.785" classname="APITest.rest.checkstatuscode"/>
</testsuite> <!-- APITest.rest.checkstatuscode -->
